[2019-02-28 10:42:39.285] [exthost] [info] extension host started
[2019-02-28 10:42:39.299] [exthost] [info] ExtensionService#_doActivateExtension vscode.debug-auto-launch {"startup":true,"activationEvent":"*"}
[2019-02-28 10:42:39.299] [exthost] [info] ExtensionService#loadCommonJSModule /snap/vscode/75/usr/share/code/resources/app/extensions/debug-auto-launch/dist/extension
[2019-02-28 10:42:39.335] [exthost] [info] ExtensionService#_doActivateExtension vscode.emmet {"startup":true,"activationEvent":"*"}
[2019-02-28 10:42:39.335] [exthost] [info] ExtensionService#loadCommonJSModule /snap/vscode/75/usr/share/code/resources/app/extensions/emmet/dist/extension
[2019-02-28 10:42:39.363] [exthost] [info] ExtensionService#_doActivateExtension vscode.git {"startup":true,"activationEvent":"*"}
[2019-02-28 10:42:39.363] [exthost] [info] ExtensionService#loadCommonJSModule /snap/vscode/75/usr/share/code/resources/app/extensions/git/dist/main
[2019-02-28 10:42:39.528] [exthost] [info] ExtensionService#_doActivateExtension vscode.merge-conflict {"startup":true,"activationEvent":"*"}
[2019-02-28 10:42:39.528] [exthost] [info] ExtensionService#loadCommonJSModule /snap/vscode/75/usr/share/code/resources/app/extensions/merge-conflict/dist/extension
[2019-02-28 10:42:39.560] [exthost] [info] eager extensions activated
[2019-02-28 10:43:07.784] [exthost] [info] extension host started
[2019-02-28 10:43:07.821] [exthost] [info] ExtensionService#_doActivateExtension vscode.debug-auto-launch {"startup":true,"activationEvent":"*"}
[2019-02-28 10:43:07.821] [exthost] [info] ExtensionService#loadCommonJSModule /snap/vscode/75/usr/share/code/resources/app/extensions/debug-auto-launch/dist/extension
[2019-02-28 10:43:07.824] [exthost] [info] ExtensionService#_doActivateExtension vscode.emmet {"startup":true,"activationEvent":"*"}
[2019-02-28 10:43:07.824] [exthost] [info] ExtensionService#loadCommonJSModule /snap/vscode/75/usr/share/code/resources/app/extensions/emmet/dist/extension
[2019-02-28 10:43:07.845] [exthost] [info] ExtensionService#_doActivateExtension vscode.git {"startup":true,"activationEvent":"*"}
[2019-02-28 10:43:07.845] [exthost] [info] ExtensionService#loadCommonJSModule /snap/vscode/75/usr/share/code/resources/app/extensions/git/dist/main
[2019-02-28 10:43:07.939] [exthost] [info] ExtensionService#_doActivateExtension vscode.merge-conflict {"startup":true,"activationEvent":"*"}
[2019-02-28 10:43:07.939] [exthost] [info] ExtensionService#loadCommonJSModule /snap/vscode/75/usr/share/code/resources/app/extensions/merge-conflict/dist/extension
[2019-02-28 10:43:07.944] [exthost] [info] eager extensions activated
[2019-02-28 10:49:10.133] [exthost] [info] ExtensionService#_doActivateExtension vscode.html-language-features {"startup":false,"activationEvent":"onLanguage:html"}
[2019-02-28 10:49:10.133] [exthost] [info] ExtensionService#loadCommonJSModule /snap/vscode/75/usr/share/code/resources/app/extensions/html-language-features/client/dist/htmlMain
[2019-02-28 10:57:37.296] [exthost] [info] ExtensionService#_doActivateExtension vscode.extension-editing {"startup":false,"activationEvent":"onLanguage:typescript"}
[2019-02-28 10:57:37.296] [exthost] [info] ExtensionService#loadCommonJSModule /snap/vscode/75/usr/share/code/resources/app/extensions/extension-editing/dist/extension
[2019-02-28 10:57:37.413] [exthost] [info] ExtensionService#_doActivateExtension vscode.typescript-language-features {"startup":false,"activationEvent":"onLanguage:typescript"}
[2019-02-28 10:57:37.413] [exthost] [info] ExtensionService#loadCommonJSModule /snap/vscode/75/usr/share/code/resources/app/extensions/typescript-language-features/dist/extension
[2019-02-28 10:57:37.511] [exthost] [info] ExtensionService#_doActivateExtension eg2.tslint {"startup":false,"activationEvent":"onLanguage:typescript"}
[2019-02-28 10:57:37.511] [exthost] [info] ExtensionService#loadCommonJSModule /root/.vscode/extensions/eg2.tslint-1.0.43/out/extension
[2019-02-28 10:58:43.496] [exthost] [info] ExtensionService#_doActivateExtension vscode.configuration-editing {"startup":false,"activationEvent":"onLanguage:jsonc"}
[2019-02-28 10:58:43.496] [exthost] [info] ExtensionService#loadCommonJSModule /snap/vscode/75/usr/share/code/resources/app/extensions/configuration-editing/dist/extension
[2019-02-28 10:58:43.520] [exthost] [info] ExtensionService#_doActivateExtension vscode.json-language-features {"startup":false,"activationEvent":"onLanguage:jsonc"}
[2019-02-28 10:58:43.520] [exthost] [info] ExtensionService#loadCommonJSModule /snap/vscode/75/usr/share/code/resources/app/extensions/json-language-features/client/dist/jsonMain
[2019-02-28 11:13:40.316] [exthost] [info] ExtensionService#_doActivateExtension vscode.css-language-features {"startup":false,"activationEvent":"onLanguage:scss"}
[2019-02-28 11:13:40.316] [exthost] [info] ExtensionService#loadCommonJSModule /snap/vscode/75/usr/share/code/resources/app/extensions/css-language-features/client/dist/cssMain
